<?xml version="1.0" encoding="UTF-8"?>
<!-- Generated by org.testng.reporters.JUnitReportReporter -->
<testsuite hostname="Kallingal" failures="0" tests="4" name="org.ark.TestngCalcReport" time="18.826" errors="0" timestamp="2023-04-19T17:34:13 IST" skipped="0">
  <testcase classname="org.ark.TestngCalcReport" name="tst4" time="2.186"/>
  <system-out/>
  <testcase classname="org.ark.TestngCalcReport" name="tst2" time="2.000"/>
  <system-out/>
  <testcase classname="org.ark.TestngCalcReport" name="tst1" time="12.639"/>
  <system-out/>
  <testcase classname="org.ark.TestngCalcReport" name="tst3" time="2.001"/>
  <system-out/>
</testsuite> <!-- org.ark.TestngCalcReport -->
