<?xml version="1.0" encoding="UTF-8"?>
<!-- Generated by org.testng.reporters.JUnitReportReporter -->
<testsuite hostname="Kallingal" failures="0" tests="4" name="org.ark.TestngCalc" time="19.790" errors="0" timestamp="2023-04-19T17:24:52 IST" skipped="0">
  <testcase classname="org.ark.TestngCalc" name="tst4" time="2.291"/>
  <system-out/>
  <testcase classname="org.ark.TestngCalc" name="tst2" time="3.177"/>
  <system-out/>
  <testcase classname="org.ark.TestngCalc" name="tst3" time="1.890"/>
  <system-out/>
  <testcase classname="org.ark.TestngCalc" name="tst1" time="12.432"/>
  <system-out/>
</testsuite> <!-- org.ark.TestngCalc -->
