<?xml version="1.0" encoding="UTF-8"?>
<!-- Generated by org.testng.reporters.JUnitReportReporter -->
<testsuite hostname="Kallingal" failures="0" tests="1" name="org.ark.BaseProperty" time="2.026" errors="0" timestamp="2023-04-19T17:29:46 IST" skipped="0">
  <testcase classname="org.ark.BaseProperty" name="tst1" time="2.026"/>
  <system-out/>
</testsuite> <!-- org.ark.BaseProperty -->
